[19:20:35] Verificando servidor FastAPI...
[19:20:35] Servidor ya activo
[19:20:35] FASE-9 ya ejecutada hace 6.1 horas
[19:20:35] Verificando componentes del sistema...
[19:20:35] ✅ Logs - OK
[19:20:35] ✅ Base de datos - OK
[19:20:35] ✅ Dashboards - OK
[19:20:35] ✅ Kit comercial - OK
[19:20:35] Abriendo dashboard: credicefi_b27fa331_dashboard.html
[19:20:35] Abriendo kit comercial...
[19:20:36] ACCIONES COMERCIALES INMEDIATAS:
[19:20:36] 1. Credicefi - Caso piloto comercial
[19:20:36] 2. Coopafer - Demo via Zoom
[19:20:36] 3. Prestatu.do - Validacion fintech
[19:20:36] METAS SEMANA 1:
[19:20:36] - 3+ demos ejecutadas
[19:20:36] - 10+ insights de feedback
[19:20:36] - + MRR (1 piloto firmado)
[19:20:36] ACTIVACION COMPLETA EN 0 minutos
[19:20:36] Servidor: http://127.0.0.1:8000
[19:20:36] Documentacion: http://127.0.0.1:8000/docs
[19:20:36] Log detallado: logs/activation_20251026_192035.log
