[19:18:02] Verificando servidor FastAPI...
[19:18:02] Servidor ya activo
[19:18:02] FASE-9 ya ejecutada hace 6.1 horas
[19:18:02] Verificando componentes del sistema...
[19:18:02] ✅ Logs - OK
[19:18:02] ✅ Base de datos - OK
[19:18:02] ✅ Dashboards - OK
[19:18:02] ✅ Kit comercial - OK
[19:18:02] Abriendo dashboard: credicefi_b27fa331_dashboard.html
[19:18:02] Abriendo kit comercial...
[19:18:02] ACCIONES COMERCIALES INMEDIATAS:
[19:18:02] 1. Credicefi - Caso piloto comercial
[19:18:02] 2. Coopafer - Demo via Zoom
[19:18:02] 3. Prestatu.do - Validacion fintech
[19:18:02] METAS SEMANA 1:
[19:18:02] - 3+ demos ejecutadas
[19:18:02] - 10+ insights de feedback
[19:18:02] - + MRR (1 piloto firmado)
[19:18:02] ACTIVACION COMPLETA EN 0 minutos
[19:18:02] Servidor: http://127.0.0.1:8000
[19:18:02] Documentacion: http://127.0.0.1:8000/docs
[19:18:02] Log detallado: logs/activation_20251026_191802.log
