[11:48:51] [Info] DEVOPS AUTOMATION INICIANDO
[11:48:51] [Info] PASO 31: Creando validaciones Pydantic
[11:48:51] [Success] Creado: app/core/validation.py
[11:48:51] [Info] PASO 32: Creando excepciones
[11:48:51] [Success] Creado: app/core/exceptions.py
[11:48:51] [Info] PASO 33: Creando logging
[11:48:51] [Success] Creado: app/core/logging.py
[11:48:51] [Info] PASO 34: Creando rate limiting
[11:48:51] [Success] Creado: app/core/rate_limit.py
[11:48:51] [Info] PASO 35: Creando API key validation
[11:48:51] [Success] Creado: app/core/api_key.py
[11:48:51] [Info] PASO 36: Creando Stripe Service
[11:48:51] [Success] Creado: app/services/stripe_service.py
[11:48:51] [Info] PASO 37: Creando Webhooks
[11:48:51] [Success] Creado: app/routes/webhooks.py
[11:48:51] [Info] PASO 38: Creando Subscriptions
[11:48:51] [Success] Creado: app/routes/subscriptions.py
[11:48:51] [Info] PASO 39: Creando Metering
[11:48:51] [Success] Creado: app/services/metering_service.py
[11:48:51] [Info] PASO 40: Creando Invoices
[11:48:51] [Success] Creado: app/services/invoice_service.py
[11:48:51] [Info] PASO 41: Creando CORS Policy
[11:48:51] [Success] Creado: app/core/cors_policy.py
[11:48:51] [Info] PASO 42: Creando GDPR Service
[11:48:51] [Success] Creado: app/services/gdpr_service.py
[11:48:51] [Info] PASO 43: Creando Encryption
[11:48:51] [Success] Creado: app/core/encryption.py
[11:48:51] [Info] PASO 44: Creando Audit Trail
[11:48:51] [Success] Creado: app/services/audit_trail_service.py
[11:48:51] [Info] PASO 45: Actualizando requirements.txt
[11:48:51] [Success] Actualizado: requirements.txt
[11:48:51] [Info] 
[11:48:51] [Info] ========================================
[11:48:51] [Success] DEVOPS AUTOMATION COMPLETADO
[11:48:51] [Info] ========================================
[11:48:51] [Success] Tiempo: 0.3271495 segundos
[11:48:51] [Info] 
[11:48:51] [Success] ARCHIVOS CREADOS: 15
[11:48:51] [Success] Validaciones, Stripe, Seguridad
[11:48:51] [Info] 
[11:48:51] [Info] LOGS en: logs\devops_2025-11-22_11-48-51.log
[11:48:51] [Info] 
[11:48:51] [Warning] PROXIMOS PASOS:
[11:48:51] [Info] 1. pip install stripe cryptography
[11:48:51] [Info] 2. Actualizar .env con STRIPE_SECRET_KEY
[11:48:51] [Info] 3. python -m uvicorn app.main:app --reload
