
FullName                                                                                   
--------                                                                                   
C:\Users\ramon\Projects\nadakki-ai-suite\audit_reports\fix_vite_postcss_20260211_163847.log
C:\Users\ramon\Projects\nadakki-ai-suite\frontend\vite.config.js                           




> credicefi-ui@0.0.0 build
> vite build --debug --logLevel info

2026-02-11T21:45:25.967Z vite:config config file loaded in 47.46ms
2026-02-11T21:45:25.969Z vite:env loading env files: [
  'C:/Users/ramon/Projects/nadakki-ai-suite/frontend/.env',
  'C:/Users/ramon/Projects/nadakki-ai-suite/frontend/.env.local',
  'C:/Users/ramon/Projects/nadakki-ai-suite/frontend/.env.production',
  'C:/Users/ramon/Projects/nadakki-ai-suite/frontend/.env.production.local'
]
2026-02-11T21:45:25.970Z vite:env env files loaded in 0.87ms
2026-02-11T21:45:25.970Z vite:env using resolved env: {}
2026-02-11T21:45:26.000Z vite:config using resolved config: {
  plugins: [
    'vite:build-metadata',
    'vite:watch-package-data',
    'alias',
    'vite:react-babel',
    'vite:react-refresh',
    'vite:modulepreload-polyfill',
    'vite:resolve',
    'vite:html-inline-proxy',
    'vite:css',
    'vite:esbuild',
    'vite:json',
    'vite:wasm-helper',
    'vite:worker',
    'vite:asset',
    'vite:wasm-fallback',
    'vite:define',
    'vite:css-post',
    'vite:build-html',
    'vite:worker-import-meta-url',
    'vite:asset-import-meta-url',
    'vite:force-systemjs-wrap-complete',
    'commonjs',
    'vite:data-uri',
    'vite:rollup-options-plugins',
    'vite:dynamic-import-vars',
    'vite:import-glob',
    'vite:build-import-analysis',
    'vite:esbuild-transpile',
    'vite:terser',
    'vite:manifest',
    'vite:ssr-manifest',
    'vite:reporter',
    'vite:load-fallback'
  ],
  logLevel: 'info',
  build: {
    target: [ 'chrome107', 'edge107', 'firefox104', 'safari16' ],
    polyfillModulePreload: true,
    modulePreload: { polyfill: true },
    outDir: 'dist',
    assetsDir: 'assets',
    assetsInlineLimit: 4096,
    sourcemap: false,
    terserOptions: {},
    rollupOptions: { onwarn: [Function: onwarn] },
    commonjsOptions: { include: [ /node_modules/ ], extensions: [ '.js', '.cjs' ] },
    dynamicImportVarsOptions: { warnOnError: true, exclude: [ /node_modules/ ] },
    write: true,
    emptyOutDir: null,
    copyPublicDir: true,
    manifest: false,
    lib: false,
    ssrManifest: false,
    ssrEmitAssets: false,
    reportCompressedSize: true,
    chunkSizeWarningLimit: 500,
    watch: null,
    cssCodeSplit: true,
    minify: 'esbuild',
    ssr: false,
    emitAssets: true,
    createEnvironment: [Function: createEnvironment],
    cssTarget: [ 'chrome107', 'edge107', 'firefox104', 'safari16' ],
    cssMinify: true
  },
  esbuild: { jsxDev: false, jsx: 'automatic', jsxImportSource: undefined },
  optimizeDeps: {
    include: [
      'react',
      'react-dom',
      'react/jsx-dev-runtime',
      'react/jsx-runtime'
    ],
    exclude: [],
    needsInterop: [],
    extensions: [],
    disabled: undefined,
    holdUntilCrawlEnd: true,
    force: false,
    noDiscovery: false,
    esbuildOptions: { preserveSymlinks: false, jsx: 'automatic' }
  },
  resolve: {
    externalConditions: [ 'node' ],
    extensions: [
      '.mjs',  '.js',
      '.mts',  '.ts',
      '.jsx',  '.tsx',
      '.json'
    ],
    dedupe: [ 'react', 'react-dom' ],
    noExternal: [],
    external: [],
    preserveSymlinks: false,
    alias: [
      {
        find: /^\/?@vite\/env/,
        replacement: '/@fs/C:/Users/ramon/Projects/nadakki-ai-suite/frontend/node_modules/vite/dist/client/env.mjs'
      },
      {
        find: /^\/?@vite\/client/,
        replacement: '/@fs/C:/Users/ramon/Projects/nadakki-ai-suite/frontend/node_modules/vite/dist/client/client.mjs'
      }
    ],
    mainFields: [ 'browser', 'module', 'jsnext:main', 'jsnext' ],
    conditions: [ 'module', 'browser', 'development|production' ],
    builtins: []
  },
  environments: {
    client: {
      define: undefined,
      resolve: {
        externalConditions: [ 'node' ],
        extensions: [
          '.mjs',  '.js',
          '.mts',  '.ts',
          '.jsx',  '.tsx',
          '.json'
        ],
        dedupe: [ 'react', 'react-dom' ],
        noExternal: [],
        external: [],
        preserveSymlinks: false,
        alias: [
          {
            find: /^\/?@vite\/env/,
            replacement: '/@fs/C:/Users/ramon/Projects/nadakki-ai-suite/frontend/node_modules/vite/dist/client/env.mjs'
          },
          {
            find: /^\/?@vite\/client/,
            replacement: '/@fs/C:/Users/ramon/Projects/nadakki-ai-suite/frontend/node_modules/vite/dist/client/client.mjs'
          }
        ],
        mainFields: [ 'browser', 'module', 'jsnext:main', 'jsnext' ],
        conditions: [ 'module', 'browser', 'development|production' ],
        builtins: []
      },
      keepProcessEnv: false,
      consumer: 'client',
      optimizeDeps: {
        include: [
          'react',
          'react-dom',
          'react/jsx-dev-runtime',
          'react/jsx-runtime'
        ],
        exclude: [],
        needsInterop: [],
        extensions: [],
        disabled: undefined,
        holdUntilCrawlEnd: true,
        force: false,
        noDiscovery: false,
        esbuildOptions: { preserveSymlinks: false, jsx: 'automatic' }
      },
      dev: {
        warmup: [],
        sourcemap: { js: true },
        sourcemapIgnoreList: [Function: isInNodeModules],
        preTransformRequests: true,
        createEnvironment: [Function: defaultCreateClientDevEnvironment],
        recoverable: true,
        moduleRunnerTransform: false
      },
      build: {
        target: [ 'chrome107', 'edge107', 'firefox104', 'safari16' ],
        polyfillModulePreload: true,
        modulePreload: { polyfill: true },
        outDir: 'dist',
        assetsDir: 'assets',
        assetsInlineLimit: 4096,
        sourcemap: false,
        terserOptions: {},
        rollupOptions: { onwarn: [Function: onwarn] },
        commonjsOptions: { include: [ /node_modules/ ], extensions: [ '.js', '.cjs' ] },
        dynamicImportVarsOptions: { warnOnError: true, exclude: [ /node_modules/ ] },
        write: true,
        emptyOutDir: null,
        copyPublicDir: true,
        manifest: false,
        lib: false,
        ssrManifest: false,
        ssrEmitAssets: false,
        reportCompressedSize: true,
        chunkSizeWarningLimit: 500,
        watch: null,
        cssCodeSplit: true,
        minify: 'esbuild',
        ssr: false,
        emitAssets: true,
        createEnvironment: [Function: createEnvironment],
        cssTarget: [ 'chrome107', 'edge107', 'firefox104', 'safari16' ],
        cssMinify: true
      },
      plugins: [
        {
          name: 'vite:build-metadata',
          renderChunk: [AsyncFunction: renderChunk]
        },
        {
          name: 'vite:watch-package-data',
          buildStart: [Function: buildStart],
          buildEnd: [Function: buildEnd],
          watchChange: [Function: watchChange]
        },
        {
          name: 'alias',
          buildStart: [AsyncFunction: buildStart],
          resolveId: [Function: resolveId]
        },
        {
          name: 'vite:react-babel',
          enforce: 'pre',
          config: [Function: config],
          configResolved: [Function: configResolved],
          options: [Function: options]
        },
        {
          name: 'vite:react-refresh',
          enforce: 'pre',
          config: [Function: config],
          resolveId: {
            filter: { id: /^\/@react\-refresh$/ },
            handler: [Function: handler]
          },
          load: {
            filter: { id: /^\/@react\-refresh$/ },
            handler: [Function: handler]
          },
          transformIndexHtml: [Function: transformIndexHtml]
        },
        {
          name: 'vite:modulepreload-polyfill',
          resolveId: { handler: [Function: handler] },
          load: { handler: [Function: handler] }
        },
        {
          name: 'vite:resolve',
          resolveId: [AsyncFunction: resolveId],
          load: { handler: [Function: handler] }
        },
        {
          name: 'vite:html-inline-proxy',
          resolveId: { handler: [Function: handler] },
          load: { handler: [Function: handler] }
        },
        {
          name: 'vite:css',
          buildStart: [Function: buildStart],
          buildEnd: [Function: buildEnd],
          load: { handler: [AsyncFunction: handler] },
          transform: { handler: [AsyncFunction: handler] }
        },
        {
          name: 'vite:esbuild',
          configureServer: [Function: configureServer],
          transform: [AsyncFunction: transform]
        },
        {
          name: 'vite:json',
          transform: { handler: [Function: handler] }
        },
        {
          name: 'vite:wasm-helper',
          resolveId: { handler: [Function: handler] },
          load: { handler: [AsyncFunction: handler] }
        },
        {
          name: 'vite:worker',
          buildStart: [Function: buildStart],
          load: { handler: [AsyncFunction: handler] },
          shouldTransformCachedModule: [Function: shouldTransformCachedModule],
          transform: { handler: [AsyncFunction: handler] },
          renderChunk: [Function: renderChunk],
          generateBundle: [Function: generateBundle]
        },
        {
          name: 'vite:asset',
          perEnvironmentStartEndDuringDev: true,
          buildStart: [Function: buildStart],
          resolveId: { handler: [Function: handler] },
          load: { handler: [AsyncFunction: handler] },
          renderChunk: [Function: renderChunk],
          generateBundle: [Function: generateBundle]
        },
        {
          name: 'vite:wasm-fallback',
          load: { handler: [Function: handler] }
        },
        {
          name: 'vite:define',
          transform: { handler: [AsyncFunction: handler] }
        },
        {
          name: 'vite:css-post',
          renderStart: [Function: renderStart],
          transform: { handler: [AsyncFunction: handler] },
          renderChunk: [AsyncFunction: renderChunk],
          augmentChunkHash: [Function: augmentChunkHash],
          generateBundle: [AsyncFunction: generateBundle]
        },
        {
          name: 'vite:build-html',
          transform: { handler: [AsyncFunction: handler] },
          generateBundle: [AsyncFunction: generateBundle]
        },
        {
          name: 'vite:worker-import-meta-url',
          applyToEnvironment: [Function: applyToEnvironment],
          shouldTransformCachedModule: [Function: shouldTransformCachedModule],
          transform: { handler: [AsyncFunction: handler] }
        },
        {
          name: 'vite:asset-import-meta-url',
          applyToEnvironment: [Function: applyToEnvironment],
          transform: { handler: [AsyncFunction: handler] }
        },
        {
          name: 'vite:force-systemjs-wrap-complete',
          renderChunk: [Function: renderChunk]
        },
        {
          name: 'commonjs',
          version: '28.0.6',
          options: [Function: options],
          buildStart: [Function: buildStart],
          buildEnd: [Function: buildEnd],
          load: [AsyncFunction: load],
          shouldTransformCachedModule: [Function: shouldTransformCachedModule],
          transform: [Function: transform]
        },
        {
          name: 'vite:data-uri',
          buildStart: [Function: buildStart],
          resolveId: [Function: resolveId],
          load: [Function: load]
        },
        {
          name: 'vite:dynamic-import-vars',
          resolveId: { handler: [Function: handler] },
          load: { handler: [Function: handler] },
          transform: { handler: [AsyncFunction: handler] }
        },
        {
          name: 'vite:import-glob',
          buildStart: [Function: buildStart],
          transform: { handler: [AsyncFunction: handler] },
          hotUpdate: [Function: hotUpdate]
        },
        {
          name: 'vite:build-import-analysis',
          resolveId: { handler: [Function: handler] },
          load: { handler: [Function: handler] },
          transform: { handler: [AsyncFunction: handler] },
          renderChunk: [Function: renderChunk],
          generateBundle: [Function: generateBundle]
        },
        {
          name: 'vite:esbuild-transpile',
          applyToEnvironment: [Function: applyToEnvironment],
          renderChunk: [AsyncFunction: renderChunk]
        },
        {
          name: 'vite:terser',
          applyToEnvironment: [Function: applyToEnvironment],
          renderChunk: [AsyncFunction: renderChunk],
          closeBundle: [Function: closeBundle]
        },
        {
          name: 'vite:reporter',
          sharedDuringBuild: true,
          perEnvironmentStartEndDuringDev: true,
          transform: [Function: transform],
          buildStart: [Function: buildStart],
          buildEnd: [Function: buildEnd],
          renderStart: [Function: renderStart],
          renderChunk: [Function: renderChunk],
          generateBundle: [Function: generateBundle],
          writeBundle: [AsyncFunction: writeBundle]
        },
        {
          name: 'vite:load-fallback',
          load: { handler: [AsyncFunction: handler] }
        }
      ]
    }
  },
  configFile: 'C:/Users/ramon/Projects/nadakki-ai-suite/frontend/vite.config.js',
  configFileDependencies: [
    'C:/Users/ramon/Projects/nadakki-ai-suite/frontend/vite.config.js'
  ],
  inlineConfig: {
    root: undefined,
    base: undefined,
    mode: undefined,
    configFile: undefined,
    configLoader: undefined,
    logLevel: 'info',
    clearScreen: undefined,
    build: {}
  },
  root: 'C:/Users/ramon/Projects/nadakki-ai-suite/frontend',
  base: '/',
  decodedBase: '/',
  rawBase: '/',
  publicDir: 'C:/Users/ramon/Projects/nadakki-ai-suite/frontend/public',
  cacheDir: 'C:/Users/ramon/Projects/nadakki-ai-suite/frontend/node_modules/.vite',
  command: 'build',
  mode: 'production',
  isWorker: false,
  mainConfig: null,
  bundleChain: [],
  isProduction: true,
  css: {
    transformer: 'postcss',
    preprocessorMaxWorkers: true,
    devSourcemap: false
  },
  json: { namedExports: true, stringify: 'auto' },
  server: {
    port: 5173,
    strictPort: false,
    host: undefined,
    allowedHosts: [],
    https: undefined,
    open: false,
    proxy: undefined,
    cors: {
      origin: /^https?:\/\/(?:(?:[^:]+\.)?localhost|127\.0\.0\.1|\[::1\])(?::\d+)?$/
    },
    headers: {},
    warmup: { clientFiles: [], ssrFiles: [] },
    middlewareMode: false,
    fs: {
      strict: true,
      deny: [ '.env', '.env.*', '*.{crt,pem}', '**/.git/**' ],
      allow: [ 'C:/Users/ramon/Projects/nadakki-ai-suite/frontend' ]
    },
    preTransformRequests: true,
    perEnvironmentStartEndDuringDev: false,
    sourcemapIgnoreList: [Function: isInNodeModules]
  },
  builder: undefined,
  preview: {
    port: 4173,
    strictPort: false,
    host: undefined,
    allowedHosts: [],
    https: undefined,
    open: false,
    proxy: undefined,
    cors: {
      origin: /^https?:\/\/(?:(?:[^:]+\.)?localhost|127\.0\.0\.1|\[::1\])(?::\d+)?$/
    },
    headers: {}
  },
  envDir: 'C:/Users/ramon/Projects/nadakki-ai-suite/frontend',
  env: { BASE_URL: '/', MODE: 'production', DEV: false, PROD: true },
  assetsInclude: [Function: assetsInclude],
  logger: {
    hasWarned: false,
    info: [Function: info],
    warn: [Function: warn],
    warnOnce: [Function: warnOnce],
    error: [Function: error],
    clearScreen: [Function: clearScreen],
    hasErrorLogged: [Function: hasErrorLogged]
  },
  packageCache: Map(1) {
    'fnpd_C:/Users/ramon/Projects/nadakki-ai-suite/frontend' => {
      dir: 'C:/Users/ramon/Projects/nadakki-ai-suite/frontend',
      data: {
        name: 'credicefi-ui',
        private: true,
        version: '0.0.0',
        type: 'module',
        scripts: {
          dev: 'vite',
          build: 'vite build',
          lint: 'eslint .',
          preview: 'vite preview'
        },
        dependencies: {
          'chart.js': '^4.5.0',
          'framer-motion': '^12.23.5',
          'lucide-react': '^0.525.0',
          react: '^19.1.0',
          'react-chartjs-2': '^5.3.0',
          'react-dom': '^19.1.0',
          tailwindcss: '^4.1.11'
        },
        devDependencies: {
          '@eslint/js': '^9.30.1',
          '@types/react': '^19.1.8',
          '@types/react-dom': '^19.1.6',
          '@vitejs/plugin-react': '^4.6.0',
          eslint: '^9.30.1',
          'eslint-plugin-react-hooks': '^5.2.0',
          'eslint-plugin-react-refresh': '^0.4.20',
          globals: '^16.3.0',
          vite: '^7.0.4'
        }
      },
      hasSideEffects: [Function: hasSideEffects],
      setResolvedCache: [Function: setResolvedCache],
      getResolvedCache: [Function: getResolvedCache]
    },
    set: [Function (anonymous)]
  },
  worker: { format: 'iife', plugins: '() => plugins', rollupOptions: {} },
  appType: 'spa',
  experimental: {
    importGlobRestoreExtension: false,
    renderBuiltUrl: undefined,
    hmrPartialAccept: false
  },
  future: undefined,
  ssr: {
    target: 'node',
    optimizeDeps: { esbuildOptions: { preserveSymlinks: false } },
    resolve: { conditions: undefined, externalConditions: undefined }
  },
  dev: {
    warmup: [],
    sourcemap: { js: true },
    sourcemapIgnoreList: [Function: isInNodeModules],
    preTransformRequests: false,
    createEnvironment: [Function: defaultCreateDevEnvironment],
    recoverable: false,
    moduleRunnerTransform: false
  },
  webSocketToken: 'a2XxhfPb_O01',
  getSortedPlugins: [Function: getSortedPlugins],
  getSortedPluginHooks: [Function: getSortedPluginHooks],
  createResolver: [Function: createResolver],
  fsDenyGlob: [Function: arrayMatcher],
  safeModulePaths: Set(0) {},
  Symbol(vite:resolved-config): true
}
[36mvite v7.0.4 [32mbuilding for production...[36m[39m
transforming...
[32m✓[39m 3 modules transformed.
[31m✗[39m Build failed in 58ms
[31merror during build:
[31m[vite:css] Failed to load PostCSS config (searchPath: C:/Users/ramon/Projects/nadakki-ai-suite/frontend): [SyntaxError] Unexpected token '﻿', "﻿{
    "d"... is not valid JSON
SyntaxError: Unexpected token '﻿', "﻿{
    "d"... is not valid JSON
    at JSON.parse (<anonymous>)
    at jsonLoader (file:///C:/Users/ramon/Projects/nadakki-ai-suite/frontend/node_modules/vite/dist/node/chunks/dep-DZ2tZksn.js:8354:42)
    at Object.search (file:///C:/Users/ramon/Projects/nadakki-ai-suite/frontend/node_modules/vite/dist/node/chunks/dep-DZ2tZksn.js:8474:26)[31m
file: [36mC:/Users/ramon/Projects/nadakki-ai-suite/frontend/src/index.css[31m
[39m
